
                            < M A T L A B (R) >
                  Copyright 1984-2017 The MathWorks, Inc.
                   R2017a (9.2.0.538062) 64-bit (glnxa64)
                             February 23, 2017

 
To get started, type one of these: helpwin, helpdesk, or demo.
For product information, visit www.mathworks.com.
 

n =

    10


LHS =

    1.0000         0   20.0000
    1.0000    0.0111   20.0000
    1.0000    0.0222   20.0000
    1.0000    0.0333   20.0000
    1.0000    0.0444   20.0000
    1.0000    0.0556   20.0000
    1.0000    0.0667   20.0000
    1.0000    0.0778   20.0000
    1.0000    0.0889   20.0000
    1.0000    0.1000   20.0000
    1.0667         0   20.0000
    1.0667    0.0111   20.0000
    1.0667    0.0222   20.0000
    1.0667    0.0333   20.0000
    1.0667    0.0444   20.0000
    1.0667    0.0556   20.0000
    1.0667    0.0667   20.0000
    1.0667    0.0778   20.0000
    1.0667    0.0889   20.0000
    1.0667    0.1000   20.0000
    1.1333         0   20.0000
    1.1333    0.0111   20.0000
    1.1333    0.0222   20.0000
    1.1333    0.0333   20.0000
    1.1333    0.0444   20.0000
    1.1333    0.0556   20.0000
    1.1333    0.0667   20.0000
    1.1333    0.0778   20.0000
    1.1333    0.0889   20.0000
    1.1333    0.1000   20.0000
    1.2000         0   20.0000
    1.2000    0.0111   20.0000
    1.2000    0.0222   20.0000
    1.2000    0.0333   20.0000
    1.2000    0.0444   20.0000
    1.2000    0.0556   20.0000
    1.2000    0.0667   20.0000
    1.2000    0.0778   20.0000
    1.2000    0.0889   20.0000
    1.2000    0.1000   20.0000
    1.2667         0   20.0000
    1.2667    0.0111   20.0000
    1.2667    0.0222   20.0000
    1.2667    0.0333   20.0000
    1.2667    0.0444   20.0000
    1.2667    0.0556   20.0000
    1.2667    0.0667   20.0000
    1.2667    0.0778   20.0000
    1.2667    0.0889   20.0000
    1.2667    0.1000   20.0000
    1.3333         0   20.0000
    1.3333    0.0111   20.0000
    1.3333    0.0222   20.0000
    1.3333    0.0333   20.0000
    1.3333    0.0444   20.0000
    1.3333    0.0556   20.0000
    1.3333    0.0667   20.0000
    1.3333    0.0778   20.0000
    1.3333    0.0889   20.0000
    1.3333    0.1000   20.0000
    1.4000         0   20.0000
    1.4000    0.0111   20.0000
    1.4000    0.0222   20.0000
    1.4000    0.0333   20.0000
    1.4000    0.0444   20.0000
    1.4000    0.0556   20.0000
    1.4000    0.0667   20.0000
    1.4000    0.0778   20.0000
    1.4000    0.0889   20.0000
    1.4000    0.1000   20.0000
    1.4667         0   20.0000
    1.4667    0.0111   20.0000
    1.4667    0.0222   20.0000
    1.4667    0.0333   20.0000
    1.4667    0.0444   20.0000
    1.4667    0.0556   20.0000
    1.4667    0.0667   20.0000
    1.4667    0.0778   20.0000
    1.4667    0.0889   20.0000
    1.4667    0.1000   20.0000
    1.5333         0   20.0000
    1.5333    0.0111   20.0000
    1.5333    0.0222   20.0000
    1.5333    0.0333   20.0000
    1.5333    0.0444   20.0000
    1.5333    0.0556   20.0000
    1.5333    0.0667   20.0000
    1.5333    0.0778   20.0000
    1.5333    0.0889   20.0000
    1.5333    0.1000   20.0000
    1.6000         0   20.0000
    1.6000    0.0111   20.0000
    1.6000    0.0222   20.0000
    1.6000    0.0333   20.0000
    1.6000    0.0444   20.0000
    1.6000    0.0556   20.0000
    1.6000    0.0667   20.0000
    1.6000    0.0778   20.0000
    1.6000    0.0889   20.0000
    1.6000    0.1000   20.0000
    1.0000         0   30.0000
    1.0000    0.0111   30.0000
    1.0000    0.0222   30.0000
    1.0000    0.0333   30.0000
    1.0000    0.0444   30.0000
    1.0000    0.0556   30.0000
    1.0000    0.0667   30.0000
    1.0000    0.0778   30.0000
    1.0000    0.0889   30.0000
    1.0000    0.1000   30.0000
    1.0667         0   30.0000
    1.0667    0.0111   30.0000
    1.0667    0.0222   30.0000
    1.0667    0.0333   30.0000
    1.0667    0.0444   30.0000
    1.0667    0.0556   30.0000
    1.0667    0.0667   30.0000
    1.0667    0.0778   30.0000
    1.0667    0.0889   30.0000
    1.0667    0.1000   30.0000
    1.1333         0   30.0000
    1.1333    0.0111   30.0000
    1.1333    0.0222   30.0000
    1.1333    0.0333   30.0000
    1.1333    0.0444   30.0000
    1.1333    0.0556   30.0000
    1.1333    0.0667   30.0000
    1.1333    0.0778   30.0000
    1.1333    0.0889   30.0000
    1.1333    0.1000   30.0000
    1.2000         0   30.0000
    1.2000    0.0111   30.0000
    1.2000    0.0222   30.0000
    1.2000    0.0333   30.0000
    1.2000    0.0444   30.0000
    1.2000    0.0556   30.0000
    1.2000    0.0667   30.0000
    1.2000    0.0778   30.0000
    1.2000    0.0889   30.0000
    1.2000    0.1000   30.0000
    1.2667         0   30.0000
    1.2667    0.0111   30.0000
    1.2667    0.0222   30.0000
    1.2667    0.0333   30.0000
    1.2667    0.0444   30.0000
    1.2667    0.0556   30.0000
    1.2667    0.0667   30.0000
    1.2667    0.0778   30.0000
    1.2667    0.0889   30.0000
    1.2667    0.1000   30.0000
    1.3333         0   30.0000
    1.3333    0.0111   30.0000
    1.3333    0.0222   30.0000
    1.3333    0.0333   30.0000
    1.3333    0.0444   30.0000
    1.3333    0.0556   30.0000
    1.3333    0.0667   30.0000
    1.3333    0.0778   30.0000
    1.3333    0.0889   30.0000
    1.3333    0.1000   30.0000
    1.4000         0   30.0000
    1.4000    0.0111   30.0000
    1.4000    0.0222   30.0000
    1.4000    0.0333   30.0000
    1.4000    0.0444   30.0000
    1.4000    0.0556   30.0000
    1.4000    0.0667   30.0000
    1.4000    0.0778   30.0000
    1.4000    0.0889   30.0000
    1.4000    0.1000   30.0000
    1.4667         0   30.0000
    1.4667    0.0111   30.0000
    1.4667    0.0222   30.0000
    1.4667    0.0333   30.0000
    1.4667    0.0444   30.0000
    1.4667    0.0556   30.0000
    1.4667    0.0667   30.0000
    1.4667    0.0778   30.0000
    1.4667    0.0889   30.0000
    1.4667    0.1000   30.0000
    1.5333         0   30.0000
    1.5333    0.0111   30.0000
    1.5333    0.0222   30.0000
    1.5333    0.0333   30.0000
    1.5333    0.0444   30.0000
    1.5333    0.0556   30.0000
    1.5333    0.0667   30.0000
    1.5333    0.0778   30.0000
    1.5333    0.0889   30.0000
    1.5333    0.1000   30.0000
    1.6000         0   30.0000
    1.6000    0.0111   30.0000
    1.6000    0.0222   30.0000
    1.6000    0.0333   30.0000
    1.6000    0.0444   30.0000
    1.6000    0.0556   30.0000
    1.6000    0.0667   30.0000
    1.6000    0.0778   30.0000
    1.6000    0.0889   30.0000
    1.6000    0.1000   30.0000
    1.0000         0   50.0000
    1.0000    0.0111   50.0000
    1.0000    0.0222   50.0000
    1.0000    0.0333   50.0000
    1.0000    0.0444   50.0000
    1.0000    0.0556   50.0000
    1.0000    0.0667   50.0000
    1.0000    0.0778   50.0000
    1.0000    0.0889   50.0000
    1.0000    0.1000   50.0000
    1.0667         0   50.0000
    1.0667    0.0111   50.0000
    1.0667    0.0222   50.0000
    1.0667    0.0333   50.0000
    1.0667    0.0444   50.0000
    1.0667    0.0556   50.0000
    1.0667    0.0667   50.0000
    1.0667    0.0778   50.0000
    1.0667    0.0889   50.0000
    1.0667    0.1000   50.0000
    1.1333         0   50.0000
    1.1333    0.0111   50.0000
    1.1333    0.0222   50.0000
    1.1333    0.0333   50.0000
    1.1333    0.0444   50.0000
    1.1333    0.0556   50.0000
    1.1333    0.0667   50.0000
    1.1333    0.0778   50.0000
    1.1333    0.0889   50.0000
    1.1333    0.1000   50.0000
    1.2000         0   50.0000
    1.2000    0.0111   50.0000
    1.2000    0.0222   50.0000
    1.2000    0.0333   50.0000
    1.2000    0.0444   50.0000
    1.2000    0.0556   50.0000
    1.2000    0.0667   50.0000
    1.2000    0.0778   50.0000
    1.2000    0.0889   50.0000
    1.2000    0.1000   50.0000
    1.2667         0   50.0000
    1.2667    0.0111   50.0000
    1.2667    0.0222   50.0000
    1.2667    0.0333   50.0000
    1.2667    0.0444   50.0000
    1.2667    0.0556   50.0000
    1.2667    0.0667   50.0000
    1.2667    0.0778   50.0000
    1.2667    0.0889   50.0000
    1.2667    0.1000   50.0000
    1.3333         0   50.0000
    1.3333    0.0111   50.0000
    1.3333    0.0222   50.0000
    1.3333    0.0333   50.0000
    1.3333    0.0444   50.0000
    1.3333    0.0556   50.0000
    1.3333    0.0667   50.0000
    1.3333    0.0778   50.0000
    1.3333    0.0889   50.0000
    1.3333    0.1000   50.0000
    1.4000         0   50.0000
    1.4000    0.0111   50.0000
    1.4000    0.0222   50.0000
    1.4000    0.0333   50.0000
    1.4000    0.0444   50.0000
    1.4000    0.0556   50.0000
    1.4000    0.0667   50.0000
    1.4000    0.0778   50.0000
    1.4000    0.0889   50.0000
    1.4000    0.1000   50.0000
    1.4667         0   50.0000
    1.4667    0.0111   50.0000
    1.4667    0.0222   50.0000
    1.4667    0.0333   50.0000
    1.4667    0.0444   50.0000
    1.4667    0.0556   50.0000
    1.4667    0.0667   50.0000
    1.4667    0.0778   50.0000
    1.4667    0.0889   50.0000
    1.4667    0.1000   50.0000
    1.5333         0   50.0000
    1.5333    0.0111   50.0000
    1.5333    0.0222   50.0000
    1.5333    0.0333   50.0000
    1.5333    0.0444   50.0000
    1.5333    0.0556   50.0000
    1.5333    0.0667   50.0000
    1.5333    0.0778   50.0000
    1.5333    0.0889   50.0000
    1.5333    0.1000   50.0000
    1.6000         0   50.0000
    1.6000    0.0111   50.0000
    1.6000    0.0222   50.0000
    1.6000    0.0333   50.0000
    1.6000    0.0444   50.0000
    1.6000    0.0556   50.0000
    1.6000    0.0667   50.0000
    1.6000    0.0778   50.0000
    1.6000    0.0889   50.0000
    1.6000    0.1000   50.0000
    1.0000         0   70.0000
    1.0000    0.0111   70.0000
    1.0000    0.0222   70.0000
    1.0000    0.0333   70.0000
    1.0000    0.0444   70.0000
    1.0000    0.0556   70.0000
    1.0000    0.0667   70.0000
    1.0000    0.0778   70.0000
    1.0000    0.0889   70.0000
    1.0000    0.1000   70.0000
    1.0667         0   70.0000
    1.0667    0.0111   70.0000
    1.0667    0.0222   70.0000
    1.0667    0.0333   70.0000
    1.0667    0.0444   70.0000
    1.0667    0.0556   70.0000
    1.0667    0.0667   70.0000
    1.0667    0.0778   70.0000
    1.0667    0.0889   70.0000
    1.0667    0.1000   70.0000
    1.1333         0   70.0000
    1.1333    0.0111   70.0000
    1.1333    0.0222   70.0000
    1.1333    0.0333   70.0000
    1.1333    0.0444   70.0000
    1.1333    0.0556   70.0000
    1.1333    0.0667   70.0000
    1.1333    0.0778   70.0000
    1.1333    0.0889   70.0000
    1.1333    0.1000   70.0000
    1.2000         0   70.0000
    1.2000    0.0111   70.0000
    1.2000    0.0222   70.0000
    1.2000    0.0333   70.0000
    1.2000    0.0444   70.0000
    1.2000    0.0556   70.0000
    1.2000    0.0667   70.0000
    1.2000    0.0778   70.0000
    1.2000    0.0889   70.0000
    1.2000    0.1000   70.0000
    1.2667         0   70.0000
    1.2667    0.0111   70.0000
    1.2667    0.0222   70.0000
    1.2667    0.0333   70.0000
    1.2667    0.0444   70.0000
    1.2667    0.0556   70.0000
    1.2667    0.0667   70.0000
    1.2667    0.0778   70.0000
    1.2667    0.0889   70.0000
    1.2667    0.1000   70.0000
    1.3333         0   70.0000
    1.3333    0.0111   70.0000
    1.3333    0.0222   70.0000
    1.3333    0.0333   70.0000
    1.3333    0.0444   70.0000
    1.3333    0.0556   70.0000
    1.3333    0.0667   70.0000
    1.3333    0.0778   70.0000
    1.3333    0.0889   70.0000
    1.3333    0.1000   70.0000
    1.4000         0   70.0000
    1.4000    0.0111   70.0000
    1.4000    0.0222   70.0000
    1.4000    0.0333   70.0000
    1.4000    0.0444   70.0000
    1.4000    0.0556   70.0000
    1.4000    0.0667   70.0000
    1.4000    0.0778   70.0000
    1.4000    0.0889   70.0000
    1.4000    0.1000   70.0000
    1.4667         0   70.0000
    1.4667    0.0111   70.0000
    1.4667    0.0222   70.0000
    1.4667    0.0333   70.0000
    1.4667    0.0444   70.0000
    1.4667    0.0556   70.0000
    1.4667    0.0667   70.0000
    1.4667    0.0778   70.0000
    1.4667    0.0889   70.0000
    1.4667    0.1000   70.0000
    1.5333         0   70.0000
    1.5333    0.0111   70.0000
    1.5333    0.0222   70.0000
    1.5333    0.0333   70.0000
    1.5333    0.0444   70.0000
    1.5333    0.0556   70.0000
    1.5333    0.0667   70.0000
    1.5333    0.0778   70.0000
    1.5333    0.0889   70.0000
    1.5333    0.1000   70.0000
    1.6000         0   70.0000
    1.6000    0.0111   70.0000
    1.6000    0.0222   70.0000
    1.6000    0.0333   70.0000
    1.6000    0.0444   70.0000
    1.6000    0.0556   70.0000
    1.6000    0.0667   70.0000
    1.6000    0.0778   70.0000
    1.6000    0.0889   70.0000
    1.6000    0.1000   70.0000
    1.0000         0   90.0000
    1.0000    0.0111   90.0000
    1.0000    0.0222   90.0000
    1.0000    0.0333   90.0000
    1.0000    0.0444   90.0000
    1.0000    0.0556   90.0000
    1.0000    0.0667   90.0000
    1.0000    0.0778   90.0000
    1.0000    0.0889   90.0000
    1.0000    0.1000   90.0000
    1.0667         0   90.0000
    1.0667    0.0111   90.0000
    1.0667    0.0222   90.0000
    1.0667    0.0333   90.0000
    1.0667    0.0444   90.0000
    1.0667    0.0556   90.0000
    1.0667    0.0667   90.0000
    1.0667    0.0778   90.0000
    1.0667    0.0889   90.0000
    1.0667    0.1000   90.0000
    1.1333         0   90.0000
    1.1333    0.0111   90.0000
    1.1333    0.0222   90.0000
    1.1333    0.0333   90.0000
    1.1333    0.0444   90.0000
    1.1333    0.0556   90.0000
    1.1333    0.0667   90.0000
    1.1333    0.0778   90.0000
    1.1333    0.0889   90.0000
    1.1333    0.1000   90.0000
    1.2000         0   90.0000
    1.2000    0.0111   90.0000
    1.2000    0.0222   90.0000
    1.2000    0.0333   90.0000
    1.2000    0.0444   90.0000
    1.2000    0.0556   90.0000
    1.2000    0.0667   90.0000
    1.2000    0.0778   90.0000
    1.2000    0.0889   90.0000
    1.2000    0.1000   90.0000
    1.2667         0   90.0000
    1.2667    0.0111   90.0000
    1.2667    0.0222   90.0000
    1.2667    0.0333   90.0000
    1.2667    0.0444   90.0000
    1.2667    0.0556   90.0000
    1.2667    0.0667   90.0000
    1.2667    0.0778   90.0000
    1.2667    0.0889   90.0000
    1.2667    0.1000   90.0000
    1.3333         0   90.0000
    1.3333    0.0111   90.0000
    1.3333    0.0222   90.0000
    1.3333    0.0333   90.0000
    1.3333    0.0444   90.0000
    1.3333    0.0556   90.0000
    1.3333    0.0667   90.0000
    1.3333    0.0778   90.0000
    1.3333    0.0889   90.0000
    1.3333    0.1000   90.0000
    1.4000         0   90.0000
    1.4000    0.0111   90.0000
    1.4000    0.0222   90.0000
    1.4000    0.0333   90.0000
    1.4000    0.0444   90.0000
    1.4000    0.0556   90.0000
    1.4000    0.0667   90.0000
    1.4000    0.0778   90.0000
    1.4000    0.0889   90.0000
    1.4000    0.1000   90.0000
    1.4667         0   90.0000
    1.4667    0.0111   90.0000
    1.4667    0.0222   90.0000
    1.4667    0.0333   90.0000
    1.4667    0.0444   90.0000
    1.4667    0.0556   90.0000
    1.4667    0.0667   90.0000
    1.4667    0.0778   90.0000
    1.4667    0.0889   90.0000
    1.4667    0.1000   90.0000
    1.5333         0   90.0000
    1.5333    0.0111   90.0000
    1.5333    0.0222   90.0000
    1.5333    0.0333   90.0000
    1.5333    0.0444   90.0000
    1.5333    0.0556   90.0000
    1.5333    0.0667   90.0000
    1.5333    0.0778   90.0000
    1.5333    0.0889   90.0000
    1.5333    0.1000   90.0000
    1.6000         0   90.0000
    1.6000    0.0111   90.0000
    1.6000    0.0222   90.0000
    1.6000    0.0333   90.0000
    1.6000    0.0444   90.0000
    1.6000    0.0556   90.0000
    1.6000    0.0667   90.0000
    1.6000    0.0778   90.0000
    1.6000    0.0889   90.0000
    1.6000    0.1000   90.0000

