MATLAB is selecting SOFTWARE OPENGL rendering.

                            < M A T L A B (R) >
                  Copyright 1984-2017 The MathWorks, Inc.
                   R2017a (9.2.0.538062) 64-bit (glnxa64)
                             February 23, 2017

 
To get started, type one of these: helpwin, helpdesk, or demo.
For product information, visit www.mathworks.com.
 

ans =

     0


copyworkers =

  cell

    'cp -r * ../LHS_WorkerForParams1_10'


ans =

     0


makebatchfiles =

  cell

    'echo "matlab -nodesktop -nosplash -singleCompThread -r runrunrun -logfile singlerun.out">>../LHS_WorkerForParams1_10/runLHS.sb'


ans =

     0


movetoworker =

  cell

    'echo "cd ../LHS_WorkerForParams1_10" >>runall.sh'


ans =

     0


runbat =

  cell

    'echo "sbatch runLHS.sb" >>runall.sh'


ans =

     0


ans =

     0


copyworkers =

  cell

    'cp -r * ../LHS_WorkerForParams11_20'


ans =

     0


makebatchfiles =

  cell

    'echo "matlab -nodesktop -nosplash -singleCompThread -r runrunrun -logfile singlerun.out">>../LHS_WorkerForParams11_20/runLHS.sb'


ans =

     0


movetoworker =

  cell

    'echo "cd ../LHS_WorkerForParams11_20" >>runall.sh'


ans =

     0


runbat =

  cell

    'echo "sbatch runLHS.sb" >>runall.sh'


ans =

     0


ans =

     0


copyworkers =

  cell

    'cp -r * ../LHS_WorkerForParams21_30'


ans =

     0


makebatchfiles =

  cell

    'echo "matlab -nodesktop -nosplash -singleCompThread -r runrunrun -logfile singlerun.out">>../LHS_WorkerForParams21_30/runLHS.sb'


ans =

     0


movetoworker =

  cell

    'echo "cd ../LHS_WorkerForParams21_30" >>runall.sh'


ans =

     0


runbat =

  cell

    'echo "sbatch runLHS.sb" >>runall.sh'


ans =

     0


ans =

     0


copyworkers =

  cell

    'cp -r * ../LHS_WorkerForParams31_40'


ans =

     0


makebatchfiles =

  cell

    'echo "matlab -nodesktop -nosplash -singleCompThread -r runrunrun -logfile singlerun.out">>../LHS_WorkerForParams31_40/runLHS.sb'


ans =

     0


movetoworker =

  cell

    'echo "cd ../LHS_WorkerForParams31_40" >>runall.sh'


ans =

     0


runbat =

  cell

    'echo "sbatch runLHS.sb" >>runall.sh'


ans =

     0


ans =

     0


copyworkers =

  cell

    'cp -r * ../LHS_WorkerForParams41_50'


ans =

     0


makebatchfiles =

  cell

    'echo "matlab -nodesktop -nosplash -singleCompThread -r runrunrun -logfile singlerun.out">>../LHS_WorkerForParams41_50/runLHS.sb'


ans =

     0


movetoworker =

  cell

    'echo "cd ../LHS_WorkerForParams41_50" >>runall.sh'


ans =

     0


runbat =

  cell

    'echo "sbatch runLHS.sb" >>runall.sh'


ans =

     0


ans =

     0


copyworkers =

  cell

    'cp -r * ../LHS_WorkerForParams51_60'


ans =

     0


makebatchfiles =

  cell

    'echo "matlab -nodesktop -nosplash -singleCompThread -r runrunrun -logfile singlerun.out">>../LHS_WorkerForParams51_60/runLHS.sb'


ans =

     0


movetoworker =

  cell

    'echo "cd ../LHS_WorkerForParams51_60" >>runall.sh'


ans =

     0


runbat =

  cell

    'echo "sbatch runLHS.sb" >>runall.sh'


ans =

     0


ans =

     0


copyworkers =

  cell

    'cp -r * ../LHS_WorkerForParams61_70'


ans =

     0


makebatchfiles =

  cell

    'echo "matlab -nodesktop -nosplash -singleCompThread -r runrunrun -logfile singlerun.out">>../LHS_WorkerForParams61_70/runLHS.sb'


ans =

     0


movetoworker =

  cell

    'echo "cd ../LHS_WorkerForParams61_70" >>runall.sh'


ans =

     0


runbat =

  cell

    'echo "sbatch runLHS.sb" >>runall.sh'


ans =

     0


ans =

     0


copyworkers =

  cell

    'cp -r * ../LHS_WorkerForParams71_80'


ans =

     0


makebatchfiles =

  cell

    'echo "matlab -nodesktop -nosplash -singleCompThread -r runrunrun -logfile singlerun.out">>../LHS_WorkerForParams71_80/runLHS.sb'


ans =

     0


movetoworker =

  cell

    'echo "cd ../LHS_WorkerForParams71_80" >>runall.sh'


ans =

     0


runbat =

  cell

    'echo "sbatch runLHS.sb" >>runall.sh'


ans =

     0


ans =

     0


copyworkers =

  cell

    'cp -r * ../LHS_WorkerForParams81_90'


ans =

     0


makebatchfiles =

  cell

    'echo "matlab -nodesktop -nosplash -singleCompThread -r runrunrun -logfile singlerun.out">>../LHS_WorkerForParams81_90/runLHS.sb'


ans =

     0


movetoworker =

  cell

    'echo "cd ../LHS_WorkerForParams81_90" >>runall.sh'


ans =

     0


runbat =

  cell

    'echo "sbatch runLHS.sb" >>runall.sh'


ans =

     0


ans =

     0


copyworkers =

  cell

    'cp -r * ../LHS_WorkerForParams91_100'


ans =

     0


makebatchfiles =

  cell

    'echo "matlab -nodesktop -nosplash -singleCompThread -r runrunrun -logfile singlerun.out">>../LHS_WorkerForParams91_100/runLHS.sb'


ans =

     0


movetoworker =

  cell

    'echo "cd ../LHS_WorkerForParams91_100" >>runall.sh'


ans =

     0


runbat =

  cell

    'echo "sbatch runLHS.sb" >>runall.sh'


ans =

     0


ans =

     0


copyworkers =

  cell

    'cp -r * ../LHS_WorkerForParams101_110'


ans =

     0


makebatchfiles =

  cell

    'echo "matlab -nodesktop -nosplash -singleCompThread -r runrunrun -logfile singlerun.out">>../LHS_WorkerForParams101_110/runLHS.sb'


ans =

     0


movetoworker =

  cell

    'echo "cd ../LHS_WorkerForParams101_110" >>runall.sh'


ans =

     0


runbat =

  cell

    'echo "sbatch runLHS.sb" >>runall.sh'


ans =

     0


ans =

     0


copyworkers =

  cell

    'cp -r * ../LHS_WorkerForParams111_120'


ans =

     0


makebatchfiles =

  cell

    'echo "matlab -nodesktop -nosplash -singleCompThread -r runrunrun -logfile singlerun.out">>../LHS_WorkerForParams111_120/runLHS.sb'


ans =

     0


movetoworker =

  cell

    'echo "cd ../LHS_WorkerForParams111_120" >>runall.sh'


ans =

     0


runbat =

  cell

    'echo "sbatch runLHS.sb" >>runall.sh'


ans =

     0


ans =

     0


copyworkers =

  cell

    'cp -r * ../LHS_WorkerForParams121_130'


ans =

     0


makebatchfiles =

  cell

    'echo "matlab -nodesktop -nosplash -singleCompThread -r runrunrun -logfile singlerun.out">>../LHS_WorkerForParams121_130/runLHS.sb'


ans =

     0


movetoworker =

  cell

    'echo "cd ../LHS_WorkerForParams121_130" >>runall.sh'


ans =

     0


runbat =

  cell

    'echo "sbatch runLHS.sb" >>runall.sh'


ans =

     0


ans =

     0


copyworkers =

  cell

    'cp -r * ../LHS_WorkerForParams131_140'


ans =

     0


makebatchfiles =

  cell

    'echo "matlab -nodesktop -nosplash -singleCompThread -r runrunrun -logfile singlerun.out">>../LHS_WorkerForParams131_140/runLHS.sb'


ans =

     0


movetoworker =

  cell

    'echo "cd ../LHS_WorkerForParams131_140" >>runall.sh'


ans =

     0


runbat =

  cell

    'echo "sbatch runLHS.sb" >>runall.sh'


ans =

     0


ans =

     0


copyworkers =

  cell

    'cp -r * ../LHS_WorkerForParams141_150'


ans =

     0


makebatchfiles =

  cell

    'echo "matlab -nodesktop -nosplash -singleCompThread -r runrunrun -logfile singlerun.out">>../LHS_WorkerForParams141_150/runLHS.sb'


ans =

     0


movetoworker =

  cell

    'echo "cd ../LHS_WorkerForParams141_150" >>runall.sh'


ans =

     0


runbat =

  cell

    'echo "sbatch runLHS.sb" >>runall.sh'


ans =

     0


ans =

     0


copyworkers =

  cell

    'cp -r * ../LHS_WorkerForParams151_160'


ans =

     0


makebatchfiles =

  cell

    'echo "matlab -nodesktop -nosplash -singleCompThread -r runrunrun -logfile singlerun.out">>../LHS_WorkerForParams151_160/runLHS.sb'


ans =

     0


movetoworker =

  cell

    'echo "cd ../LHS_WorkerForParams151_160" >>runall.sh'


ans =

     0


runbat =

  cell

    'echo "sbatch runLHS.sb" >>runall.sh'


ans =

     0


ans =

     0


copyworkers =

  cell

    'cp -r * ../LHS_WorkerForParams161_170'


ans =

     0


makebatchfiles =

  cell

    'echo "matlab -nodesktop -nosplash -singleCompThread -r runrunrun -logfile singlerun.out">>../LHS_WorkerForParams161_170/runLHS.sb'


ans =

     0


movetoworker =

  cell

    'echo "cd ../LHS_WorkerForParams161_170" >>runall.sh'


ans =

     0


runbat =

  cell

    'echo "sbatch runLHS.sb" >>runall.sh'


ans =

     0


ans =

     0


copyworkers =

  cell

    'cp -r * ../LHS_WorkerForParams171_180'


ans =

     0


makebatchfiles =

  cell

    'echo "matlab -nodesktop -nosplash -singleCompThread -r runrunrun -logfile singlerun.out">>../LHS_WorkerForParams171_180/runLHS.sb'


ans =

     0


movetoworker =

  cell

    'echo "cd ../LHS_WorkerForParams171_180" >>runall.sh'


ans =

     0


runbat =

  cell

    'echo "sbatch runLHS.sb" >>runall.sh'


ans =

     0


ans =

     0


copyworkers =

  cell

    'cp -r * ../LHS_WorkerForParams181_190'


ans =

     0


makebatchfiles =

  cell

    'echo "matlab -nodesktop -nosplash -singleCompThread -r runrunrun -logfile singlerun.out">>../LHS_WorkerForParams181_190/runLHS.sb'


ans =

     0


movetoworker =

  cell

    'echo "cd ../LHS_WorkerForParams181_190" >>runall.sh'


ans =

     0


runbat =

  cell

    'echo "sbatch runLHS.sb" >>runall.sh'


ans =

     0


ans =

     0


copyworkers =

  cell

    'cp -r * ../LHS_WorkerForParams191_200'


ans =

     0


makebatchfiles =

  cell

    'echo "matlab -nodesktop -nosplash -singleCompThread -r runrunrun -logfile singlerun.out">>../LHS_WorkerForParams191_200/runLHS.sb'


ans =

     0


movetoworker =

  cell

    'echo "cd ../LHS_WorkerForParams191_200" >>runall.sh'


ans =

     0


runbat =

  cell

    'echo "sbatch runLHS.sb" >>runall.sh'


ans =

     0


ans =

     0


copyworkers =

  cell

    'cp -r * ../LHS_WorkerForParams201_210'


ans =

     0


makebatchfiles =

  cell

    'echo "matlab -nodesktop -nosplash -singleCompThread -r runrunrun -logfile singlerun.out">>../LHS_WorkerForParams201_210/runLHS.sb'


ans =

     0


movetoworker =

  cell

    'echo "cd ../LHS_WorkerForParams201_210" >>runall.sh'


ans =

     0


runbat =

  cell

    'echo "sbatch runLHS.sb" >>runall.sh'


ans =

     0


ans =

     0


copyworkers =

  cell

    'cp -r * ../LHS_WorkerForParams211_220'


ans =

     0


makebatchfiles =

  cell

    'echo "matlab -nodesktop -nosplash -singleCompThread -r runrunrun -logfile singlerun.out">>../LHS_WorkerForParams211_220/runLHS.sb'


ans =

     0


movetoworker =

  cell

    'echo "cd ../LHS_WorkerForParams211_220" >>runall.sh'


ans =

     0


runbat =

  cell

    'echo "sbatch runLHS.sb" >>runall.sh'


ans =

     0


ans =

     0


copyworkers =

  cell

    'cp -r * ../LHS_WorkerForParams221_230'


ans =

     0


makebatchfiles =

  cell

    'echo "matlab -nodesktop -nosplash -singleCompThread -r runrunrun -logfile singlerun.out">>../LHS_WorkerForParams221_230/runLHS.sb'


ans =

     0


movetoworker =

  cell

    'echo "cd ../LHS_WorkerForParams221_230" >>runall.sh'


ans =

     0


runbat =

  cell

    'echo "sbatch runLHS.sb" >>runall.sh'


ans =

     0


ans =

     0


copyworkers =

  cell

    'cp -r * ../LHS_WorkerForParams231_240'


ans =

     0


makebatchfiles =

  cell

    'echo "matlab -nodesktop -nosplash -singleCompThread -r runrunrun -logfile singlerun.out">>../LHS_WorkerForParams231_240/runLHS.sb'


ans =

     0


movetoworker =

  cell

    'echo "cd ../LHS_WorkerForParams231_240" >>runall.sh'


ans =

     0


runbat =

  cell

    'echo "sbatch runLHS.sb" >>runall.sh'


ans =

     0


ans =

     0


copyworkers =

  cell

    'cp -r * ../LHS_WorkerForParams241_250'


ans =

     0


makebatchfiles =

  cell

    'echo "matlab -nodesktop -nosplash -singleCompThread -r runrunrun -logfile singlerun.out">>../LHS_WorkerForParams241_250/runLHS.sb'


ans =

     0


movetoworker =

  cell

    'echo "cd ../LHS_WorkerForParams241_250" >>runall.sh'


ans =

     0


runbat =

  cell

    'echo "sbatch runLHS.sb" >>runall.sh'


ans =

     0


ans =

     0


copyworkers =

  cell

    'cp -r * ../LHS_WorkerForParams251_260'


ans =

     0


makebatchfiles =

  cell

    'echo "matlab -nodesktop -nosplash -singleCompThread -r runrunrun -logfile singlerun.out">>../LHS_WorkerForParams251_260/runLHS.sb'


ans =

     0


movetoworker =

  cell

    'echo "cd ../LHS_WorkerForParams251_260" >>runall.sh'


ans =

     0


runbat =

  cell

    'echo "sbatch runLHS.sb" >>runall.sh'


ans =

     0


ans =

     0


copyworkers =

  cell

    'cp -r * ../LHS_WorkerForParams261_270'


ans =

     0


makebatchfiles =

  cell

    'echo "matlab -nodesktop -nosplash -singleCompThread -r runrunrun -logfile singlerun.out">>../LHS_WorkerForParams261_270/runLHS.sb'


ans =

     0


movetoworker =

  cell

    'echo "cd ../LHS_WorkerForParams261_270" >>runall.sh'


ans =

     0


runbat =

  cell

    'echo "sbatch runLHS.sb" >>runall.sh'


ans =

     0


ans =

     0


copyworkers =

  cell

    'cp -r * ../LHS_WorkerForParams271_280'


ans =

     0


makebatchfiles =

  cell

    'echo "matlab -nodesktop -nosplash -singleCompThread -r runrunrun -logfile singlerun.out">>../LHS_WorkerForParams271_280/runLHS.sb'


ans =

     0


movetoworker =

  cell

    'echo "cd ../LHS_WorkerForParams271_280" >>runall.sh'


ans =

     0


runbat =

  cell

    'echo "sbatch runLHS.sb" >>runall.sh'


ans =

     0


ans =

     0


copyworkers =

  cell

    'cp -r * ../LHS_WorkerForParams281_290'


ans =

     0


makebatchfiles =

  cell

    'echo "matlab -nodesktop -nosplash -singleCompThread -r runrunrun -logfile singlerun.out">>../LHS_WorkerForParams281_290/runLHS.sb'


ans =

     0


movetoworker =

  cell

    'echo "cd ../LHS_WorkerForParams281_290" >>runall.sh'


ans =

     0


runbat =

  cell

    'echo "sbatch runLHS.sb" >>runall.sh'


ans =

     0


ans =

     0


copyworkers =

  cell

    'cp -r * ../LHS_WorkerForParams291_300'


ans =

     0


makebatchfiles =

  cell

    'echo "matlab -nodesktop -nosplash -singleCompThread -r runrunrun -logfile singlerun.out">>../LHS_WorkerForParams291_300/runLHS.sb'


ans =

     0


movetoworker =

  cell

    'echo "cd ../LHS_WorkerForParams291_300" >>runall.sh'


ans =

     0


runbat =

  cell

    'echo "sbatch runLHS.sb" >>runall.sh'


ans =

     0


ans =

     0


copyworkers =

  cell

    'cp -r * ../LHS_WorkerForParams301_310'


ans =

     0


makebatchfiles =

  cell

    'echo "matlab -nodesktop -nosplash -singleCompThread -r runrunrun -logfile singlerun.out">>../LHS_WorkerForParams301_310/runLHS.sb'


ans =

     0


movetoworker =

  cell

    'echo "cd ../LHS_WorkerForParams301_310" >>runall.sh'


ans =

     0


runbat =

  cell

    'echo "sbatch runLHS.sb" >>runall.sh'


ans =

     0


ans =

     0


copyworkers =

  cell

    'cp -r * ../LHS_WorkerForParams311_320'


ans =

     0


makebatchfiles =

  cell

    'echo "matlab -nodesktop -nosplash -singleCompThread -r runrunrun -logfile singlerun.out">>../LHS_WorkerForParams311_320/runLHS.sb'


ans =

     0


movetoworker =

  cell

    'echo "cd ../LHS_WorkerForParams311_320" >>runall.sh'


ans =

     0


runbat =

  cell

    'echo "sbatch runLHS.sb" >>runall.sh'


ans =

     0


ans =

     0


copyworkers =

  cell

    'cp -r * ../LHS_WorkerForParams321_330'


ans =

     0


makebatchfiles =

  cell

    'echo "matlab -nodesktop -nosplash -singleCompThread -r runrunrun -logfile singlerun.out">>../LHS_WorkerForParams321_330/runLHS.sb'


ans =

     0


movetoworker =

  cell

    'echo "cd ../LHS_WorkerForParams321_330" >>runall.sh'


ans =

     0


runbat =

  cell

    'echo "sbatch runLHS.sb" >>runall.sh'


ans =

     0


ans =

     0


copyworkers =

  cell

    'cp -r * ../LHS_WorkerForParams331_340'


ans =

     0


makebatchfiles =

  cell

    'echo "matlab -nodesktop -nosplash -singleCompThread -r runrunrun -logfile singlerun.out">>../LHS_WorkerForParams331_340/runLHS.sb'


ans =

     0


movetoworker =

  cell

    'echo "cd ../LHS_WorkerForParams331_340" >>runall.sh'


ans =

     0


runbat =

  cell

    'echo "sbatch runLHS.sb" >>runall.sh'


ans =

     0


ans =

     0


copyworkers =

  cell

    'cp -r * ../LHS_WorkerForParams341_350'


ans =

     0


makebatchfiles =

  cell

    'echo "matlab -nodesktop -nosplash -singleCompThread -r runrunrun -logfile singlerun.out">>../LHS_WorkerForParams341_350/runLHS.sb'


ans =

     0


movetoworker =

  cell

    'echo "cd ../LHS_WorkerForParams341_350" >>runall.sh'


ans =

     0


runbat =

  cell

    'echo "sbatch runLHS.sb" >>runall.sh'


ans =

     0


ans =

     0


copyworkers =

  cell

    'cp -r * ../LHS_WorkerForParams351_360'


ans =

     0


makebatchfiles =

  cell

    'echo "matlab -nodesktop -nosplash -singleCompThread -r runrunrun -logfile singlerun.out">>../LHS_WorkerForParams351_360/runLHS.sb'


ans =

     0


movetoworker =

  cell

    'echo "cd ../LHS_WorkerForParams351_360" >>runall.sh'


ans =

     0


runbat =

  cell

    'echo "sbatch runLHS.sb" >>runall.sh'


ans =

     0


ans =

     0


copyworkers =

  cell

    'cp -r * ../LHS_WorkerForParams361_370'


ans =

     0


makebatchfiles =

  cell

    'echo "matlab -nodesktop -nosplash -singleCompThread -r runrunrun -logfile singlerun.out">>../LHS_WorkerForParams361_370/runLHS.sb'


ans =

     0


movetoworker =

  cell

    'echo "cd ../LHS_WorkerForParams361_370" >>runall.sh'


ans =

     0


runbat =

  cell

    'echo "sbatch runLHS.sb" >>runall.sh'


ans =

     0


ans =

     0


copyworkers =

  cell

    'cp -r * ../LHS_WorkerForParams371_380'


ans =

     0


makebatchfiles =

  cell

    'echo "matlab -nodesktop -nosplash -singleCompThread -r runrunrun -logfile singlerun.out">>../LHS_WorkerForParams371_380/runLHS.sb'


ans =

     0


movetoworker =

  cell

    'echo "cd ../LHS_WorkerForParams371_380" >>runall.sh'


ans =

     0


runbat =

  cell

    'echo "sbatch runLHS.sb" >>runall.sh'


ans =

     0


ans =

     0


copyworkers =

  cell

    'cp -r * ../LHS_WorkerForParams381_390'


ans =

     0


makebatchfiles =

  cell

    'echo "matlab -nodesktop -nosplash -singleCompThread -r runrunrun -logfile singlerun.out">>../LHS_WorkerForParams381_390/runLHS.sb'


ans =

     0


movetoworker =

  cell

    'echo "cd ../LHS_WorkerForParams381_390" >>runall.sh'


ans =

     0


runbat =

  cell

    'echo "sbatch runLHS.sb" >>runall.sh'


ans =

     0


ans =

     0


copyworkers =

  cell

    'cp -r * ../LHS_WorkerForParams391_400'


ans =

     0


makebatchfiles =

  cell

    'echo "matlab -nodesktop -nosplash -singleCompThread -r runrunrun -logfile singlerun.out">>../LHS_WorkerForParams391_400/runLHS.sb'


ans =

     0


movetoworker =

  cell

    'echo "cd ../LHS_WorkerForParams391_400" >>runall.sh'


ans =

     0


runbat =

  cell

    'echo "sbatch runLHS.sb" >>runall.sh'


ans =

     0


ans =

     0


copyworkers =

  cell

    'cp -r * ../LHS_WorkerForParams401_410'


ans =

     0


makebatchfiles =

  cell

    'echo "matlab -nodesktop -nosplash -singleCompThread -r runrunrun -logfile singlerun.out">>../LHS_WorkerForParams401_410/runLHS.sb'


ans =

     0


movetoworker =

  cell

    'echo "cd ../LHS_WorkerForParams401_410" >>runall.sh'


ans =

     0


runbat =

  cell

    'echo "sbatch runLHS.sb" >>runall.sh'


ans =

     0


ans =

     0


copyworkers =

  cell

    'cp -r * ../LHS_WorkerForParams411_420'


ans =

     0


makebatchfiles =

  cell

    'echo "matlab -nodesktop -nosplash -singleCompThread -r runrunrun -logfile singlerun.out">>../LHS_WorkerForParams411_420/runLHS.sb'


ans =

     0


movetoworker =

  cell

    'echo "cd ../LHS_WorkerForParams411_420" >>runall.sh'


ans =

     0


runbat =

  cell

    'echo "sbatch runLHS.sb" >>runall.sh'


ans =

     0


ans =

     0


copyworkers =

  cell

    'cp -r * ../LHS_WorkerForParams421_430'


ans =

     0


makebatchfiles =

  cell

    'echo "matlab -nodesktop -nosplash -singleCompThread -r runrunrun -logfile singlerun.out">>../LHS_WorkerForParams421_430/runLHS.sb'


ans =

     0


movetoworker =

  cell

    'echo "cd ../LHS_WorkerForParams421_430" >>runall.sh'


ans =

     0


runbat =

  cell

    'echo "sbatch runLHS.sb" >>runall.sh'


ans =

     0


ans =

     0


copyworkers =

  cell

    'cp -r * ../LHS_WorkerForParams431_440'


ans =

     0


makebatchfiles =

  cell

    'echo "matlab -nodesktop -nosplash -singleCompThread -r runrunrun -logfile singlerun.out">>../LHS_WorkerForParams431_440/runLHS.sb'


ans =

     0


movetoworker =

  cell

    'echo "cd ../LHS_WorkerForParams431_440" >>runall.sh'


ans =

     0


runbat =

  cell

    'echo "sbatch runLHS.sb" >>runall.sh'


ans =

     0


ans =

     0


copyworkers =

  cell

    'cp -r * ../LHS_WorkerForParams441_450'


ans =

     0


makebatchfiles =

  cell

    'echo "matlab -nodesktop -nosplash -singleCompThread -r runrunrun -logfile singlerun.out">>../LHS_WorkerForParams441_450/runLHS.sb'


ans =

     0


movetoworker =

  cell

    'echo "cd ../LHS_WorkerForParams441_450" >>runall.sh'


ans =

     0


runbat =

  cell

    'echo "sbatch runLHS.sb" >>runall.sh'


ans =

     0


ans =

     0


copyworkers =

  cell

    'cp -r * ../LHS_WorkerForParams451_460'


ans =

     0


makebatchfiles =

  cell

    'echo "matlab -nodesktop -nosplash -singleCompThread -r runrunrun -logfile singlerun.out">>../LHS_WorkerForParams451_460/runLHS.sb'


ans =

     0


movetoworker =

  cell

    'echo "cd ../LHS_WorkerForParams451_460" >>runall.sh'


ans =

     0


runbat =

  cell

    'echo "sbatch runLHS.sb" >>runall.sh'


ans =

     0


ans =

     0


copyworkers =

  cell

    'cp -r * ../LHS_WorkerForParams461_470'


ans =

     0


makebatchfiles =

  cell

    'echo "matlab -nodesktop -nosplash -singleCompThread -r runrunrun -logfile singlerun.out">>../LHS_WorkerForParams461_470/runLHS.sb'


ans =

     0


movetoworker =

  cell

    'echo "cd ../LHS_WorkerForParams461_470" >>runall.sh'


ans =

     0


runbat =

  cell

    'echo "sbatch runLHS.sb" >>runall.sh'


ans =

     0


ans =

     0


copyworkers =

  cell

    'cp -r * ../LHS_WorkerForParams471_480'


ans =

     0


makebatchfiles =

  cell

    'echo "matlab -nodesktop -nosplash -singleCompThread -r runrunrun -logfile singlerun.out">>../LHS_WorkerForParams471_480/runLHS.sb'


ans =

     0


movetoworker =

  cell

    'echo "cd ../LHS_WorkerForParams471_480" >>runall.sh'


ans =

     0


runbat =

  cell

    'echo "sbatch runLHS.sb" >>runall.sh'


ans =

     0


ans =

     0


copyworkers =

  cell

    'cp -r * ../LHS_WorkerForParams481_490'


ans =

     0


makebatchfiles =

  cell

    'echo "matlab -nodesktop -nosplash -singleCompThread -r runrunrun -logfile singlerun.out">>../LHS_WorkerForParams481_490/runLHS.sb'


ans =

     0


movetoworker =

  cell

    'echo "cd ../LHS_WorkerForParams481_490" >>runall.sh'


ans =

     0


runbat =

  cell

    'echo "sbatch runLHS.sb" >>runall.sh'


ans =

     0


ans =

     0


copyworkers =

  cell

    'cp -r * ../LHS_WorkerForParams491_500'


ans =

     0


makebatchfiles =

  cell

    'echo "matlab -nodesktop -nosplash -singleCompThread -r runrunrun -logfile singlerun.out">>../LHS_WorkerForParams491_500/runLHS.sb'


ans =

     0


movetoworker =

  cell

    'echo "cd ../LHS_WorkerForParams491_500" >>runall.sh'


ans =

     0


runbat =

  cell

    'echo "sbatch runLHS.sb" >>runall.sh'


ans =

     0

>> 